<?xml version="1.0" encoding="UTF-8"?>
<robot generator="Robot 4.1.3 (Python 3.10.1 on win32)" generated="20220830 17:48:35.539" rpa="false" schemaversion="2">
<suite id="s1" name="TvQmetry" source="C:\Users\Alejandro\Desktop\Entertainment_TV\TvQmetry.robot">
<kw name="Open App" library="Keywords" type="SETUP">
<kw name="Open Application" library="AppiumLibrary">
<arg>${url}</arg>
<arg>platformName=${PlatFormName}</arg>
<arg>platformVersion=${PlatFormVersion}</arg>
<arg>deviceName=${DeviceName}</arg>
<arg>automationName=UiAutomator2</arg>
<arg>newCommandTimeout=2500</arg>
<arg>noReset=True</arg>
<arg>activateName=${Activity_NAME}</arg>
<arg>packageName=${PACKAGE_NAME}</arg>
<doc>Opens a new application to given Appium server.
Capabilities of appium server, Android and iOS,
Please check https://github.com/appium/appium/blob/master/docs/en/writing-running-appium/server-args.md
| *Option*            | *Man.* | *Description*     |
| remote_url          | Yes    | Appium server url |
| alias               | no     | alias             |</doc>
<status status="PASS" starttime="20220830 17:48:35.695" endtime="20220830 17:48:51.174"/>
</kw>
<status status="PASS" starttime="20220830 17:48:35.695" endtime="20220830 17:48:51.175"/>
</kw>
<test id="s1-t1" name="Test TV_Entertainment E-hub">
<kw name="Open App" library="Keywords">
<kw name="Open Application" library="AppiumLibrary">
<arg>${url}</arg>
<arg>platformName=${PlatFormName}</arg>
<arg>platformVersion=${PlatFormVersion}</arg>
<arg>deviceName=${DeviceName}</arg>
<arg>automationName=UiAutomator2</arg>
<arg>newCommandTimeout=2500</arg>
<arg>noReset=True</arg>
<arg>activateName=${Activity_NAME}</arg>
<arg>packageName=${PACKAGE_NAME}</arg>
<doc>Opens a new application to given Appium server.
Capabilities of appium server, Android and iOS,
Please check https://github.com/appium/appium/blob/master/docs/en/writing-running-appium/server-args.md
| *Option*            | *Man.* | *Description*     |
| remote_url          | Yes    | Appium server url |
| alias               | no     | alias             |</doc>
<status status="PASS" starttime="20220830 17:48:51.176" endtime="20220830 17:49:04.190"/>
</kw>
<status status="PASS" starttime="20220830 17:48:51.175" endtime="20220830 17:49:04.191"/>
</kw>
<kw name="Enter the window TV" library="Keywords">
<kw name="Press Keycode" library="AppiumLibrary">
<arg>22</arg>
<doc>Sends a press of keycode to the device.</doc>
<status status="PASS" starttime="20220830 17:49:04.191" endtime="20220830 17:49:04.350"/>
</kw>
<kw name="Wait Until Element Is Visible" library="AppiumLibrary">
<arg>id=com.sentrics.engage360:id/tvAppName</arg>
<doc>Waits until element specified with `locator` is visible.</doc>
<status status="PASS" starttime="20220830 17:49:04.350" endtime="20220830 17:49:05.701"/>
</kw>
<kw name="Page Should Contain Text" library="AppiumLibrary">
<arg>TV</arg>
<doc>Verifies that current page contains `text`.</doc>
<msg timestamp="20220830 17:49:05.943" level="INFO">Current page contains text 'TV'.</msg>
<status status="PASS" starttime="20220830 17:49:05.701" endtime="20220830 17:49:05.943"/>
</kw>
<kw name="Press Keycode" library="AppiumLibrary">
<arg>23</arg>
<doc>Sends a press of keycode to the device.</doc>
<status status="PASS" starttime="20220830 17:49:05.943" endtime="20220830 17:49:07.522"/>
</kw>
<kw name="Wait Until Element Is Visible" library="AppiumLibrary">
<arg>id=com.sentrics.engage360:id/ivAppIcon</arg>
<doc>Waits until element specified with `locator` is visible.</doc>
<status status="PASS" starttime="20220830 17:49:07.522" endtime="20220830 17:49:08.187"/>
</kw>
<kw name="Page Should Contain Text" library="AppiumLibrary">
<arg>Icon</arg>
<doc>Verifies that current page contains `text`.</doc>
<msg timestamp="20220830 17:49:08.305" level="INFO">Current page contains text 'Icon'.</msg>
<status status="PASS" starttime="20220830 17:49:08.188" endtime="20220830 17:49:08.305"/>
</kw>
<kw name="Wait Until Element Is Visible" library="AppiumLibrary">
<arg>id=com.sentrics.engage360:id/tvChannelNumber</arg>
<doc>Waits until element specified with `locator` is visible.</doc>
<kw name="Capture Page Screenshot" library="AppiumLibrary">
<doc>Takes a screenshot of the current page and embeds it into the log.</doc>
<msg timestamp="20220830 17:49:50.429" level="INFO" html="true">&lt;/td&gt;&lt;/tr&gt;&lt;tr&gt;&lt;td colspan="3"&gt;&lt;a href="appium-screenshot-1.png"&gt;&lt;img src="appium-screenshot-1.png" width="800px"&gt;&lt;/a&gt;</msg>
<status status="PASS" starttime="20220830 17:49:49.879" endtime="20220830 17:49:50.429"/>
</kw>
<msg timestamp="20220830 17:49:50.462" level="FAIL">WebDriverException: Message: An unknown server-side error occurred while processing the command. Original error: Timed out after 10000 milliseconds waiting for root AccessibilityNodeInfo
</msg>
<status status="FAIL" starttime="20220830 17:49:08.305" endtime="20220830 17:49:50.462"/>
</kw>
<kw name="Element Should Contain Text" library="AppiumLibrary">
<arg>id=com.sentrics.engage360:id/tvChannelNumber</arg>
<arg>2</arg>
<doc>Verifies element identified by ``locator`` contains text ``expected``.</doc>
<status status="NOT RUN" starttime="20220830 17:49:50.463" endtime="20220830 17:49:50.463"/>
</kw>
<kw name="Press Keycode" library="AppiumLibrary">
<arg>4</arg>
<doc>Sends a press of keycode to the device.</doc>
<status status="NOT RUN" starttime="20220830 17:49:50.463" endtime="20220830 17:49:50.463"/>
</kw>
<kw name="Press Keycode" library="AppiumLibrary">
<arg>4</arg>
<doc>Sends a press of keycode to the device.</doc>
<status status="NOT RUN" starttime="20220830 17:49:50.463" endtime="20220830 17:49:50.463"/>
</kw>
<status status="FAIL" starttime="20220830 17:49:04.191" endtime="20220830 17:49:50.463"/>
</kw>
<kw name="Start TV - Second time - Tile" library="Keywords">
<status status="NOT RUN" starttime="20220830 17:49:50.464" endtime="20220830 17:49:50.464"/>
</kw>
<kw name="Enter TV - Channel Navigation - Channel Up" library="Keywords">
<status status="NOT RUN" starttime="20220830 17:49:50.464" endtime="20220830 17:49:50.464"/>
</kw>
<kw name="Enter TV - Channel Navigation - Channel Down" library="Keywords">
<status status="NOT RUN" starttime="20220830 17:49:50.464" endtime="20220830 17:49:50.465"/>
</kw>
<kw name="Enter TV - Channel Navigation - Manual number entry" library="Keywords">
<status status="NOT RUN" starttime="20220830 17:49:50.465" endtime="20220830 17:49:50.465"/>
</kw>
<tag>Automation</tag>
<status status="FAIL" starttime="20220830 17:48:51.175" endtime="20220830 17:49:50.465">WebDriverException: Message: An unknown server-side error occurred while processing the command. Original error: Timed out after 10000 milliseconds waiting for root AccessibilityNodeInfo
</status>
</test>
<kw name="Close All Applications" library="AppiumLibrary" type="TEARDOWN">
<doc>Closes all open applications.</doc>
<status status="PASS" starttime="20220830 17:49:50.466" endtime="20220830 17:49:50.681"/>
</kw>
<status status="FAIL" starttime="20220830 17:48:35.540" endtime="20220830 17:49:50.681"/>
</suite>
<statistics>
<total>
<stat pass="0" fail="1" skip="0">All Tests</stat>
</total>
<tag>
<stat pass="0" fail="1" skip="0">Automation</stat>
</tag>
<suite>
<stat pass="0" fail="1" skip="0" id="s1" name="TvQmetry">TvQmetry</stat>
</suite>
</statistics>
<errors>
</errors>
</robot>
