<?xml version="1.0" encoding="UTF-8"?>
<robot generator="Robot 4.1.3 (Python 3.10.1 on win32)" generated="20220830 18:31:16.545" rpa="false" schemaversion="2">
<suite id="s1" name="TvQmetry" source="C:\Users\Alejandro\Desktop\Automation_E-hub\TvQmetry.robot">
<kw name="Open App" library="Keywords" type="SETUP">
<kw name="Open Application" library="AppiumLibrary">
<arg>${url}</arg>
<arg>platformName=${PlatFormName}</arg>
<arg>platformVersion=${PlatFormVersion}</arg>
<arg>deviceName=${DeviceName}</arg>
<arg>automationName=UiAutomator2</arg>
<arg>newCommandTimeout=2500</arg>
<arg>noReset=True</arg>
<arg>activateName=${Activity_NAME}</arg>
<arg>packageName=${PACKAGE_NAME}</arg>
<doc>Opens a new application to given Appium server.
Capabilities of appium server, Android and iOS,
Please check https://github.com/appium/appium/blob/master/docs/en/writing-running-appium/server-args.md
| *Option*            | *Man.* | *Description*     |
| remote_url          | Yes    | Appium server url |
| alias               | no     | alias             |</doc>
<status status="PASS" starttime="20220830 18:31:16.768" endtime="20220830 18:31:32.317"/>
</kw>
<status status="PASS" starttime="20220830 18:31:16.768" endtime="20220830 18:31:32.317"/>
</kw>
<test id="s1-t1" name="Test TV_Entertainment E-hub">
<kw name="Open App" library="Keywords">
<kw name="Open Application" library="AppiumLibrary">
<arg>${url}</arg>
<arg>platformName=${PlatFormName}</arg>
<arg>platformVersion=${PlatFormVersion}</arg>
<arg>deviceName=${DeviceName}</arg>
<arg>automationName=UiAutomator2</arg>
<arg>newCommandTimeout=2500</arg>
<arg>noReset=True</arg>
<arg>activateName=${Activity_NAME}</arg>
<arg>packageName=${PACKAGE_NAME}</arg>
<doc>Opens a new application to given Appium server.
Capabilities of appium server, Android and iOS,
Please check https://github.com/appium/appium/blob/master/docs/en/writing-running-appium/server-args.md
| *Option*            | *Man.* | *Description*     |
| remote_url          | Yes    | Appium server url |
| alias               | no     | alias             |</doc>
<status status="PASS" starttime="20220830 18:31:32.318" endtime="20220830 18:31:45.202"/>
</kw>
<status status="PASS" starttime="20220830 18:31:32.318" endtime="20220830 18:31:45.202"/>
</kw>
<kw name="Enter the window TV" library="Keywords">
<kw name="Press Keycode" library="AppiumLibrary">
<arg>22</arg>
<doc>Sends a press of keycode to the device.</doc>
<status status="PASS" starttime="20220830 18:31:45.202" endtime="20220830 18:31:45.292"/>
</kw>
<kw name="Wait Until Element Is Visible" library="AppiumLibrary">
<arg>id=com.sentrics.engage360:id/tvAppName</arg>
<doc>Waits until element specified with `locator` is visible.</doc>
<status status="PASS" starttime="20220830 18:31:45.293" endtime="20220830 18:31:45.983"/>
</kw>
<kw name="Page Should Contain Text" library="AppiumLibrary">
<arg>TV</arg>
<doc>Verifies that current page contains `text`.</doc>
<msg timestamp="20220830 18:31:46.151" level="INFO">Current page contains text 'TV'.</msg>
<status status="PASS" starttime="20220830 18:31:45.983" endtime="20220830 18:31:46.151"/>
</kw>
<kw name="Press Keycode" library="AppiumLibrary">
<arg>23</arg>
<doc>Sends a press of keycode to the device.</doc>
<status status="PASS" starttime="20220830 18:31:46.151" endtime="20220830 18:31:46.331"/>
</kw>
<kw name="Wait Until Element Is Visible" library="AppiumLibrary">
<arg>id=com.sentrics.engage360:id/ivAppIcon</arg>
<doc>Waits until element specified with `locator` is visible.</doc>
<status status="PASS" starttime="20220830 18:31:46.331" endtime="20220830 18:31:47.099"/>
</kw>
<kw name="Page Should Contain Text" library="AppiumLibrary">
<arg>Icon</arg>
<doc>Verifies that current page contains `text`.</doc>
<msg timestamp="20220830 18:31:47.222" level="INFO">Current page contains text 'Icon'.</msg>
<status status="PASS" starttime="20220830 18:31:47.099" endtime="20220830 18:31:47.222"/>
</kw>
<kw name="Wait Until Element Is Visible" library="AppiumLibrary">
<arg>id=com.sentrics.engage360:id/tvChannelNumber</arg>
<doc>Waits until element specified with `locator` is visible.</doc>
<status status="PASS" starttime="20220830 18:31:47.223" endtime="20220830 18:31:52.116"/>
</kw>
<kw name="Element Should Contain Text" library="AppiumLibrary">
<arg>id=com.sentrics.engage360:id/tvChannelNumber</arg>
<arg>2</arg>
<doc>Verifies element identified by ``locator`` contains text ``expected``.</doc>
<msg timestamp="20220830 18:31:52.117" level="INFO">Verifying element 'id=com.sentrics.engage360:id/tvChannelNumber' contains text '2'.</msg>
<status status="PASS" starttime="20220830 18:31:52.116" endtime="20220830 18:31:52.207"/>
</kw>
<kw name="Press Keycode" library="AppiumLibrary">
<arg>4</arg>
<doc>Sends a press of keycode to the device.</doc>
<status status="PASS" starttime="20220830 18:31:52.207" endtime="20220830 18:31:52.269"/>
</kw>
<kw name="Press Keycode" library="AppiumLibrary">
<arg>4</arg>
<doc>Sends a press of keycode to the device.</doc>
<status status="PASS" starttime="20220830 18:31:52.269" endtime="20220830 18:31:52.455"/>
</kw>
<status status="PASS" starttime="20220830 18:31:45.202" endtime="20220830 18:31:52.456"/>
</kw>
<kw name="Start TV - Second time - Tile" library="Keywords">
<kw name="Wait Until Element Is Visible" library="AppiumLibrary">
<arg>id=com.sentrics.engage360:id/ivAppIcon</arg>
<doc>Waits until element specified with `locator` is visible.</doc>
<status status="PASS" starttime="20220830 18:31:52.456" endtime="20220830 18:31:54.915"/>
</kw>
<kw name="Wait Until Element Is Visible" library="AppiumLibrary">
<arg>id=com.sentrics.engage360:id/tvAppName</arg>
<doc>Waits until element specified with `locator` is visible.</doc>
<status status="PASS" starttime="20220830 18:31:54.916" endtime="20220830 18:31:54.998"/>
</kw>
<kw name="Page Should Contain Text" library="AppiumLibrary">
<arg>TV</arg>
<doc>Verifies that current page contains `text`.</doc>
<msg timestamp="20220830 18:31:55.125" level="INFO">Current page contains text 'TV'.</msg>
<status status="PASS" starttime="20220830 18:31:54.998" endtime="20220830 18:31:55.125"/>
</kw>
<kw name="Press Keycode" library="AppiumLibrary">
<arg>23</arg>
<doc>Sends a press of keycode to the device.</doc>
<status status="PASS" starttime="20220830 18:31:55.125" endtime="20220830 18:31:55.297"/>
</kw>
<kw name="Wait Until Element Is Visible" library="AppiumLibrary">
<arg>id=com.sentrics.engage360:id/clMain</arg>
<doc>Waits until element specified with `locator` is visible.</doc>
<status status="PASS" starttime="20220830 18:31:55.297" endtime="20220830 18:31:56.037"/>
</kw>
<kw name="Wait Until Element Is Visible" library="AppiumLibrary">
<arg>id=com.sentrics.engage360:id/tvChannelNumber</arg>
<doc>Waits until element specified with `locator` is visible.</doc>
<status status="PASS" starttime="20220830 18:31:56.037" endtime="20220830 18:32:00.796"/>
</kw>
<kw name="Element Should Contain Text" library="AppiumLibrary">
<arg>id=com.sentrics.engage360:id/tvChannelNumber</arg>
<arg>2</arg>
<doc>Verifies element identified by ``locator`` contains text ``expected``.</doc>
<msg timestamp="20220830 18:32:00.797" level="INFO">Verifying element 'id=com.sentrics.engage360:id/tvChannelNumber' contains text '2'.</msg>
<status status="PASS" starttime="20220830 18:32:00.796" endtime="20220830 18:32:00.875"/>
</kw>
<kw name="Press Keycode" library="AppiumLibrary">
<arg>12</arg>
<doc>Sends a press of keycode to the device.</doc>
<status status="PASS" starttime="20220830 18:32:00.875" endtime="20220830 18:32:00.915"/>
</kw>
<kw name="Wait Until Element Is Visible" library="AppiumLibrary">
<arg>id=com.sentrics.engage360:id/tvChannelNumber</arg>
<doc>Waits until element specified with `locator` is visible.</doc>
<status status="PASS" starttime="20220830 18:32:00.915" endtime="20220830 18:32:05.797"/>
</kw>
<kw name="Element Should Contain Text" library="AppiumLibrary">
<arg>id=com.sentrics.engage360:id/tvChannelNumber</arg>
<arg>5</arg>
<doc>Verifies element identified by ``locator`` contains text ``expected``.</doc>
<msg timestamp="20220830 18:32:05.798" level="INFO">Verifying element 'id=com.sentrics.engage360:id/tvChannelNumber' contains text '5'.</msg>
<status status="PASS" starttime="20220830 18:32:05.797" endtime="20220830 18:32:05.952"/>
</kw>
<kw name="Press Keycode" library="AppiumLibrary">
<arg>4</arg>
<doc>Sends a press of keycode to the device.</doc>
<status status="PASS" starttime="20220830 18:32:05.952" endtime="20220830 18:32:06.052"/>
</kw>
<kw name="Press Keycode" library="AppiumLibrary">
<arg>4</arg>
<doc>Sends a press of keycode to the device.</doc>
<status status="PASS" starttime="20220830 18:32:06.053" endtime="20220830 18:32:06.262"/>
</kw>
<kw name="Wait Until Element Is Visible" library="AppiumLibrary">
<arg>id=com.sentrics.engage360:id/ivAppIcon</arg>
<doc>Waits until element specified with `locator` is visible.</doc>
<status status="PASS" starttime="20220830 18:32:06.262" endtime="20220830 18:32:08.046"/>
</kw>
<kw name="Wait Until Element Is Visible" library="AppiumLibrary">
<arg>id=com.sentrics.engage360:id/tvAppName</arg>
<doc>Waits until element specified with `locator` is visible.</doc>
<status status="PASS" starttime="20220830 18:32:08.046" endtime="20220830 18:32:08.162"/>
</kw>
<kw name="Page Should Contain Text" library="AppiumLibrary">
<arg>TV</arg>
<doc>Verifies that current page contains `text`.</doc>
<msg timestamp="20220830 18:32:08.368" level="INFO">Current page contains text 'TV'.</msg>
<status status="PASS" starttime="20220830 18:32:08.162" endtime="20220830 18:32:08.368"/>
</kw>
<kw name="Press Keycode" library="AppiumLibrary">
<arg>23</arg>
<doc>Sends a press of keycode to the device.</doc>
<status status="PASS" starttime="20220830 18:32:08.368" endtime="20220830 18:32:08.562"/>
</kw>
<kw name="Wait Until Element Is Visible" library="AppiumLibrary">
<arg>id=com.sentrics.engage360:id/tvChannelNumber</arg>
<doc>Waits until element specified with `locator` is visible.</doc>
<status status="PASS" starttime="20220830 18:32:08.562" endtime="20220830 18:32:13.841"/>
</kw>
<kw name="Element Should Contain Text" library="AppiumLibrary">
<arg>id=com.sentrics.engage360:id/tvChannelNumber</arg>
<arg>5</arg>
<doc>Verifies element identified by ``locator`` contains text ``expected``.</doc>
<msg timestamp="20220830 18:32:13.842" level="INFO">Verifying element 'id=com.sentrics.engage360:id/tvChannelNumber' contains text '5'.</msg>
<status status="PASS" starttime="20220830 18:32:13.841" endtime="20220830 18:32:13.945"/>
</kw>
<kw name="Press Keycode" library="AppiumLibrary">
<arg>9</arg>
<doc>Sends a press of keycode to the device.</doc>
<status status="PASS" starttime="20220830 18:32:13.945" endtime="20220830 18:32:13.990"/>
</kw>
<kw name="Wait Until Element Is Visible" library="AppiumLibrary">
<arg>id=com.sentrics.engage360:id/tvChannelNumber</arg>
<doc>Waits until element specified with `locator` is visible.</doc>
<status status="PASS" starttime="20220830 18:32:13.990" endtime="20220830 18:32:18.741"/>
</kw>
<kw name="Element Should Contain Text" library="AppiumLibrary">
<arg>id=com.sentrics.engage360:id/tvChannelNumber</arg>
<arg>2</arg>
<doc>Verifies element identified by ``locator`` contains text ``expected``.</doc>
<msg timestamp="20220830 18:32:18.742" level="INFO">Verifying element 'id=com.sentrics.engage360:id/tvChannelNumber' contains text '2'.</msg>
<status status="PASS" starttime="20220830 18:32:18.741" endtime="20220830 18:32:18.871"/>
</kw>
<kw name="Press Keycode" library="AppiumLibrary">
<arg>4</arg>
<doc>Sends a press of keycode to the device.</doc>
<status status="PASS" starttime="20220830 18:32:18.871" endtime="20220830 18:32:18.959"/>
</kw>
<kw name="Press Keycode" library="AppiumLibrary">
<arg>4</arg>
<doc>Sends a press of keycode to the device.</doc>
<status status="PASS" starttime="20220830 18:32:18.959" endtime="20220830 18:32:19.069"/>
</kw>
<status status="PASS" starttime="20220830 18:31:52.456" endtime="20220830 18:32:19.069"/>
</kw>
<kw name="Enter TV - Channel Navigation - Channel Up" library="Keywords">
<kw name="Wait Until Element Is Visible" library="AppiumLibrary">
<arg>id=com.sentrics.engage360:id/ivAppIcon</arg>
<doc>Waits until element specified with `locator` is visible.</doc>
<status status="PASS" starttime="20220830 18:32:19.070" endtime="20220830 18:32:21.585"/>
</kw>
<kw name="Wait Until Element Is Visible" library="AppiumLibrary">
<arg>id=com.sentrics.engage360:id/tvAppName</arg>
<doc>Waits until element specified with `locator` is visible.</doc>
<status status="PASS" starttime="20220830 18:32:21.585" endtime="20220830 18:32:21.721"/>
</kw>
<kw name="Page Should Contain Text" library="AppiumLibrary">
<arg>TV</arg>
<doc>Verifies that current page contains `text`.</doc>
<msg timestamp="20220830 18:32:21.909" level="INFO">Current page contains text 'TV'.</msg>
<status status="PASS" starttime="20220830 18:32:21.721" endtime="20220830 18:32:21.909"/>
</kw>
<kw name="Press Keycode" library="AppiumLibrary">
<arg>23</arg>
<doc>Sends a press of keycode to the device.</doc>
<status status="PASS" starttime="20220830 18:32:21.909" endtime="20220830 18:32:22.100"/>
</kw>
<kw name="Wait Until Element Is Visible" library="AppiumLibrary">
<arg>id=com.sentrics.engage360:id/clMain</arg>
<doc>Waits until element specified with `locator` is visible.</doc>
<status status="PASS" starttime="20220830 18:32:22.100" endtime="20220830 18:32:22.746"/>
</kw>
<kw name="Wait Until Element Is Visible" library="AppiumLibrary">
<arg>id=com.sentrics.engage360:id/tvChannelNumber</arg>
<doc>Waits until element specified with `locator` is visible.</doc>
<status status="PASS" starttime="20220830 18:32:22.747" endtime="20220830 18:32:27.344"/>
</kw>
<kw name="Element Should Contain Text" library="AppiumLibrary">
<arg>id=com.sentrics.engage360:id/tvChannelNumber</arg>
<arg>2</arg>
<doc>Verifies element identified by ``locator`` contains text ``expected``.</doc>
<msg timestamp="20220830 18:32:27.345" level="INFO">Verifying element 'id=com.sentrics.engage360:id/tvChannelNumber' contains text '2'.</msg>
<status status="PASS" starttime="20220830 18:32:27.344" endtime="20220830 18:32:27.448"/>
</kw>
<kw name="Press Keycode" library="AppiumLibrary">
<arg>92</arg>
<doc>Sends a press of keycode to the device.</doc>
<status status="PASS" starttime="20220830 18:32:27.448" endtime="20220830 18:32:27.555"/>
</kw>
<kw name="Wait Until Element Is Visible" library="AppiumLibrary">
<arg>id=com.sentrics.engage360:id/tvChannelNumber</arg>
<doc>Waits until element specified with `locator` is visible.</doc>
<status status="PASS" starttime="20220830 18:32:27.555" endtime="20220830 18:32:29.177"/>
</kw>
<kw name="Element Should Contain Text" library="AppiumLibrary">
<arg>id=com.sentrics.engage360:id/tvChannelNumber</arg>
<arg>3</arg>
<doc>Verifies element identified by ``locator`` contains text ``expected``.</doc>
<msg timestamp="20220830 18:32:29.178" level="INFO">Verifying element 'id=com.sentrics.engage360:id/tvChannelNumber' contains text '3'.</msg>
<status status="PASS" starttime="20220830 18:32:29.177" endtime="20220830 18:32:29.246"/>
</kw>
<kw name="Press Keycode" library="AppiumLibrary">
<arg>8</arg>
<doc>Sends a press of keycode to the device.</doc>
<status status="PASS" starttime="20220830 18:32:29.246" endtime="20220830 18:32:29.291"/>
</kw>
<kw name="Press Keycode" library="AppiumLibrary">
<arg>8</arg>
<doc>Sends a press of keycode to the device.</doc>
<status status="PASS" starttime="20220830 18:32:29.291" endtime="20220830 18:32:29.919"/>
</kw>
<kw name="Press Keycode" library="AppiumLibrary">
<arg>10</arg>
<doc>Sends a press of keycode to the device.</doc>
<status status="PASS" starttime="20220830 18:32:29.919" endtime="20220830 18:32:30.436"/>
</kw>
<kw name="Wait Until Element Is Visible" library="AppiumLibrary">
<arg>id=com.sentrics.engage360:id/tvChannelNumber</arg>
<doc>Waits until element specified with `locator` is visible.</doc>
<status status="PASS" starttime="20220830 18:32:30.436" endtime="20220830 18:32:34.165"/>
</kw>
<kw name="Element Should Contain Text" library="AppiumLibrary">
<arg>id=com.sentrics.engage360:id/tvChannelNumber</arg>
<arg>113</arg>
<doc>Verifies element identified by ``locator`` contains text ``expected``.</doc>
<msg timestamp="20220830 18:32:34.166" level="INFO">Verifying element 'id=com.sentrics.engage360:id/tvChannelNumber' contains text '113'.</msg>
<status status="PASS" starttime="20220830 18:32:34.165" endtime="20220830 18:32:34.305"/>
</kw>
<kw name="Press Keycode" library="AppiumLibrary">
<arg>92</arg>
<doc>Sends a press of keycode to the device.</doc>
<status status="PASS" starttime="20220830 18:32:34.305" endtime="20220830 18:32:34.354"/>
</kw>
<kw name="Wait Until Element Is Visible" library="AppiumLibrary">
<arg>id=com.sentrics.engage360:id/tvChannelNumber</arg>
<doc>Waits until element specified with `locator` is visible.</doc>
<status status="PASS" starttime="20220830 18:32:34.354" endtime="20220830 18:32:35.774"/>
</kw>
<kw name="Element Should Contain Text" library="AppiumLibrary">
<arg>id=com.sentrics.engage360:id/tvChannelNumber</arg>
<arg>2</arg>
<doc>Verifies element identified by ``locator`` contains text ``expected``.</doc>
<msg timestamp="20220830 18:32:35.776" level="INFO">Verifying element 'id=com.sentrics.engage360:id/tvChannelNumber' contains text '2'.</msg>
<status status="PASS" starttime="20220830 18:32:35.775" endtime="20220830 18:32:35.904"/>
</kw>
<kw name="Press Keycode" library="AppiumLibrary">
<arg>92</arg>
<doc>Sends a press of keycode to the device.</doc>
<status status="PASS" starttime="20220830 18:32:35.904" endtime="20220830 18:32:35.997"/>
</kw>
<kw name="Press Keycode" library="AppiumLibrary">
<arg>92</arg>
<doc>Sends a press of keycode to the device.</doc>
<status status="PASS" starttime="20220830 18:32:35.997" endtime="20220830 18:32:36.799"/>
</kw>
<kw name="Press Keycode" library="AppiumLibrary">
<arg>92</arg>
<doc>Sends a press of keycode to the device.</doc>
<status status="PASS" starttime="20220830 18:32:36.799" endtime="20220830 18:32:37.927"/>
</kw>
<kw name="Press Keycode" library="AppiumLibrary">
<arg>92</arg>
<doc>Sends a press of keycode to the device.</doc>
<status status="PASS" starttime="20220830 18:32:37.927" endtime="20220830 18:32:39.491"/>
</kw>
<kw name="Press Keycode" library="AppiumLibrary">
<arg>92</arg>
<doc>Sends a press of keycode to the device.</doc>
<status status="PASS" starttime="20220830 18:32:39.491" endtime="20220830 18:32:40.771"/>
</kw>
<kw name="Press Keycode" library="AppiumLibrary">
<arg>9</arg>
<doc>Sends a press of keycode to the device.</doc>
<status status="PASS" starttime="20220830 18:32:40.771" endtime="20220830 18:32:41.642"/>
</kw>
<kw name="Wait Until Element Is Visible" library="AppiumLibrary">
<arg>id=com.sentrics.engage360:id/pauseLayout</arg>
<doc>Waits until element specified with `locator` is visible.</doc>
<status status="PASS" starttime="20220830 18:32:41.643" endtime="20220830 18:32:42.482"/>
</kw>
<kw name="Wait Until Element Is Visible" library="AppiumLibrary">
<arg>id=com.sentrics.engage360:id/clSubtitles</arg>
<doc>Waits until element specified with `locator` is visible.</doc>
<status status="PASS" starttime="20220830 18:32:42.482" endtime="20220830 18:32:42.583"/>
</kw>
<kw name="Wait Until Element Is Visible" library="AppiumLibrary">
<arg>id=com.sentrics.engage360:id/llNotifications</arg>
<doc>Waits until element specified with `locator` is visible.</doc>
<status status="PASS" starttime="20220830 18:32:42.583" endtime="20220830 18:32:42.691"/>
</kw>
<kw name="Wait Until Element Is Visible" library="AppiumLibrary">
<arg>id=com.sentrics.engage360:id/tvChannelNumber</arg>
<doc>Waits until element specified with `locator` is visible.</doc>
<status status="PASS" starttime="20220830 18:32:42.691" endtime="20220830 18:32:46.418"/>
</kw>
<kw name="Element Should Contain Text" library="AppiumLibrary">
<arg>id=com.sentrics.engage360:id/tvChannelNumber</arg>
<arg>2</arg>
<doc>Verifies element identified by ``locator`` contains text ``expected``.</doc>
<msg timestamp="20220830 18:32:46.420" level="INFO">Verifying element 'id=com.sentrics.engage360:id/tvChannelNumber' contains text '2'.</msg>
<status status="PASS" starttime="20220830 18:32:46.419" endtime="20220830 18:32:46.561"/>
</kw>
<kw name="Press Keycode" library="AppiumLibrary">
<arg>4</arg>
<doc>Sends a press of keycode to the device.</doc>
<status status="PASS" starttime="20220830 18:32:46.561" endtime="20220830 18:32:46.653"/>
</kw>
<kw name="Press Keycode" library="AppiumLibrary">
<arg>4</arg>
<doc>Sends a press of keycode to the device.</doc>
<status status="PASS" starttime="20220830 18:32:46.653" endtime="20220830 18:32:46.821"/>
</kw>
<kw name="Wait Until Element Is Visible" library="AppiumLibrary">
<arg>id=com.sentrics.engage360:id/tvAppName</arg>
<doc>Waits until element specified with `locator` is visible.</doc>
<status status="PASS" starttime="20220830 18:32:46.821" endtime="20220830 18:32:50.062"/>
</kw>
<kw name="Element Should Contain Text" library="AppiumLibrary">
<arg>id=com.sentrics.engage360:id/tvAppName</arg>
<arg>TV</arg>
<doc>Verifies element identified by ``locator`` contains text ``expected``.</doc>
<msg timestamp="20220830 18:32:50.063" level="INFO">Verifying element 'id=com.sentrics.engage360:id/tvAppName' contains text 'TV'.</msg>
<status status="PASS" starttime="20220830 18:32:50.062" endtime="20220830 18:32:50.210"/>
</kw>
<status status="PASS" starttime="20220830 18:32:19.070" endtime="20220830 18:32:50.210"/>
</kw>
<kw name="Enter TV - Channel Navigation - Channel Down" library="Keywords">
<kw name="Press Keycode" library="AppiumLibrary">
<arg>23</arg>
<doc>Sends a press of keycode to the device.</doc>
<status status="PASS" starttime="20220830 18:32:50.211" endtime="20220830 18:32:50.409"/>
</kw>
<kw name="Wait Until Element Is Visible" library="AppiumLibrary">
<arg>id=com.sentrics.engage360:id/ivAppIcon</arg>
<doc>Waits until element specified with `locator` is visible.</doc>
<status status="PASS" starttime="20220830 18:32:50.409" endtime="20220830 18:32:51.050"/>
</kw>
<kw name="Page Should Contain Text" library="AppiumLibrary">
<arg>Icon</arg>
<doc>Verifies that current page contains `text`.</doc>
<msg timestamp="20220830 18:32:51.188" level="INFO">Current page contains text 'Icon'.</msg>
<status status="PASS" starttime="20220830 18:32:51.050" endtime="20220830 18:32:51.188"/>
</kw>
<kw name="Wait Until Element Is Visible" library="AppiumLibrary">
<arg>id=com.sentrics.engage360:id/tvAppName</arg>
<doc>Waits until element specified with `locator` is visible.</doc>
<status status="PASS" starttime="20220830 18:32:51.188" endtime="20220830 18:32:51.330"/>
</kw>
<kw name="Page Should Contain Text" library="AppiumLibrary">
<arg>TV</arg>
<doc>Verifies that current page contains `text`.</doc>
<msg timestamp="20220830 18:32:51.433" level="INFO">Current page contains text 'TV'.</msg>
<status status="PASS" starttime="20220830 18:32:51.330" endtime="20220830 18:32:51.433"/>
</kw>
<kw name="Wait Until Element Is Visible" library="AppiumLibrary">
<arg>id=com.sentrics.engage360:id/tvChannelNumber</arg>
<doc>Waits until element specified with `locator` is visible.</doc>
<status status="PASS" starttime="20220830 18:32:51.433" endtime="20220830 18:32:55.633"/>
</kw>
<kw name="Element Should Contain Text" library="AppiumLibrary">
<arg>id=com.sentrics.engage360:id/tvChannelNumber</arg>
<arg>2</arg>
<doc>Verifies element identified by ``locator`` contains text ``expected``.</doc>
<msg timestamp="20220830 18:32:55.634" level="INFO">Verifying element 'id=com.sentrics.engage360:id/tvChannelNumber' contains text '2'.</msg>
<status status="PASS" starttime="20220830 18:32:55.633" endtime="20220830 18:32:55.709"/>
</kw>
<kw name="Press Keycode" library="AppiumLibrary">
<arg>93</arg>
<doc>Sends a press of keycode to the device.</doc>
<status status="PASS" starttime="20220830 18:32:55.709" endtime="20220830 18:32:55.751"/>
</kw>
<kw name="Wait Until Element Is Visible" library="AppiumLibrary">
<arg>id=com.sentrics.engage360:id/tvChannelNumber</arg>
<doc>Waits until element specified with `locator` is visible.</doc>
<status status="PASS" starttime="20220830 18:32:55.751" endtime="20220830 18:32:57.398"/>
</kw>
<kw name="Element Should Contain Text" library="AppiumLibrary">
<arg>id=com.sentrics.engage360:id/tvChannelNumber</arg>
<arg>113</arg>
<doc>Verifies element identified by ``locator`` contains text ``expected``.</doc>
<msg timestamp="20220830 18:32:57.400" level="INFO">Verifying element 'id=com.sentrics.engage360:id/tvChannelNumber' contains text '113'.</msg>
<status status="PASS" starttime="20220830 18:32:57.398" endtime="20220830 18:32:57.470"/>
</kw>
<kw name="Press Keycode" library="AppiumLibrary">
<arg>93</arg>
<doc>Sends a press of keycode to the device.</doc>
<status status="PASS" starttime="20220830 18:32:57.470" endtime="20220830 18:32:57.519"/>
</kw>
<kw name="Wait Until Element Is Visible" library="AppiumLibrary">
<arg>id=com.sentrics.engage360:id/tvChannelNumber</arg>
<doc>Waits until element specified with `locator` is visible.</doc>
<status status="PASS" starttime="20220830 18:32:57.519" endtime="20220830 18:32:59.067"/>
</kw>
<kw name="Element Should Contain Text" library="AppiumLibrary">
<arg>id=com.sentrics.engage360:id/tvChannelNumber</arg>
<arg>112</arg>
<doc>Verifies element identified by ``locator`` contains text ``expected``.</doc>
<msg timestamp="20220830 18:32:59.069" level="INFO">Verifying element 'id=com.sentrics.engage360:id/tvChannelNumber' contains text '112'.</msg>
<status status="PASS" starttime="20220830 18:32:59.068" endtime="20220830 18:32:59.173"/>
</kw>
<kw name="Press Keycode" library="AppiumLibrary">
<arg>92</arg>
<doc>Sends a press of keycode to the device.</doc>
<status status="PASS" starttime="20220830 18:32:59.173" endtime="20220830 18:32:59.217"/>
</kw>
<kw name="Press Keycode" library="AppiumLibrary">
<arg>92</arg>
<doc>Sends a press of keycode to the device.</doc>
<status status="PASS" starttime="20220830 18:32:59.218" endtime="20220830 18:33:00.050"/>
</kw>
<kw name="Press Keycode" library="AppiumLibrary">
<arg>92</arg>
<doc>Sends a press of keycode to the device.</doc>
<status status="PASS" starttime="20220830 18:33:00.050" endtime="20220830 18:33:01.306"/>
</kw>
<kw name="Wait Until Element Is Visible" library="AppiumLibrary">
<arg>id=com.sentrics.engage360:id/tvChannelNumber</arg>
<doc>Waits until element specified with `locator` is visible.</doc>
<status status="PASS" starttime="20220830 18:33:01.307" endtime="20220830 18:33:02.562"/>
</kw>
<kw name="Element Should Contain Text" library="AppiumLibrary">
<arg>id=com.sentrics.engage360:id/tvChannelNumber</arg>
<arg>3</arg>
<doc>Verifies element identified by ``locator`` contains text ``expected``.</doc>
<msg timestamp="20220830 18:33:02.563" level="INFO">Verifying element 'id=com.sentrics.engage360:id/tvChannelNumber' contains text '3'.</msg>
<status status="PASS" starttime="20220830 18:33:02.562" endtime="20220830 18:33:02.716"/>
</kw>
<kw name="Press Keycode" library="AppiumLibrary">
<arg>93</arg>
<doc>Sends a press of keycode to the device.</doc>
<status status="PASS" starttime="20220830 18:33:02.716" endtime="20220830 18:33:02.768"/>
</kw>
<kw name="Wait Until Element Is Visible" library="AppiumLibrary">
<arg>id=com.sentrics.engage360:id/tvChannelNumber</arg>
<doc>Waits until element specified with `locator` is visible.</doc>
<status status="PASS" starttime="20220830 18:33:02.768" endtime="20220830 18:33:04.353"/>
</kw>
<kw name="Element Should Contain Text" library="AppiumLibrary">
<arg>id=com.sentrics.engage360:id/tvChannelNumber</arg>
<arg>2</arg>
<doc>Verifies element identified by ``locator`` contains text ``expected``.</doc>
<msg timestamp="20220830 18:33:04.355" level="INFO">Verifying element 'id=com.sentrics.engage360:id/tvChannelNumber' contains text '2'.</msg>
<status status="PASS" starttime="20220830 18:33:04.354" endtime="20220830 18:33:04.456"/>
</kw>
<kw name="Press Keycode" library="AppiumLibrary">
<arg>93</arg>
<doc>Sends a press of keycode to the device.</doc>
<status status="PASS" starttime="20220830 18:33:04.456" endtime="20220830 18:33:04.495"/>
</kw>
<kw name="Wait Until Element Is Visible" library="AppiumLibrary">
<arg>id=com.sentrics.engage360:id/tvChannelNumber</arg>
<doc>Waits until element specified with `locator` is visible.</doc>
<status status="PASS" starttime="20220830 18:33:04.495" endtime="20220830 18:33:06.047"/>
</kw>
<kw name="Element Should Contain Text" library="AppiumLibrary">
<arg>id=com.sentrics.engage360:id/tvChannelNumber</arg>
<arg>113</arg>
<doc>Verifies element identified by ``locator`` contains text ``expected``.</doc>
<msg timestamp="20220830 18:33:06.049" level="INFO">Verifying element 'id=com.sentrics.engage360:id/tvChannelNumber' contains text '113'.</msg>
<status status="PASS" starttime="20220830 18:33:06.047" endtime="20220830 18:33:06.190"/>
</kw>
<kw name="Press Keycode" library="AppiumLibrary">
<arg>93</arg>
<doc>Sends a press of keycode to the device.</doc>
<status status="PASS" starttime="20220830 18:33:06.190" endtime="20220830 18:33:06.283"/>
</kw>
<kw name="Wait Until Element Is Visible" library="AppiumLibrary">
<arg>id=com.sentrics.engage360:id/tvChannelNumber</arg>
<doc>Waits until element specified with `locator` is visible.</doc>
<status status="PASS" starttime="20220830 18:33:06.283" endtime="20220830 18:33:07.874"/>
</kw>
<kw name="Element Should Contain Text" library="AppiumLibrary">
<arg>id=com.sentrics.engage360:id/tvChannelNumber</arg>
<arg>112</arg>
<doc>Verifies element identified by ``locator`` contains text ``expected``.</doc>
<msg timestamp="20220830 18:33:07.875" level="INFO">Verifying element 'id=com.sentrics.engage360:id/tvChannelNumber' contains text '112'.</msg>
<status status="PASS" starttime="20220830 18:33:07.874" endtime="20220830 18:33:08.004"/>
</kw>
<kw name="Press Keycode" library="AppiumLibrary">
<arg>93</arg>
<doc>Sends a press of keycode to the device.</doc>
<status status="PASS" starttime="20220830 18:33:08.004" endtime="20220830 18:33:08.104"/>
</kw>
<kw name="Wait Until Element Is Visible" library="AppiumLibrary">
<arg>id=com.sentrics.engage360:id/tvChannelNumber</arg>
<doc>Waits until element specified with `locator` is visible.</doc>
<status status="PASS" starttime="20220830 18:33:08.105" endtime="20220830 18:33:09.697"/>
</kw>
<kw name="Element Should Contain Text" library="AppiumLibrary">
<arg>id=com.sentrics.engage360:id/tvChannelNumber</arg>
<arg>111</arg>
<doc>Verifies element identified by ``locator`` contains text ``expected``.</doc>
<msg timestamp="20220830 18:33:09.698" level="INFO">Verifying element 'id=com.sentrics.engage360:id/tvChannelNumber' contains text '111'.</msg>
<status status="PASS" starttime="20220830 18:33:09.697" endtime="20220830 18:33:09.859"/>
</kw>
<kw name="Press Keycode" library="AppiumLibrary">
<arg>93</arg>
<doc>Sends a press of keycode to the device.</doc>
<status status="PASS" starttime="20220830 18:33:09.859" endtime="20220830 18:33:09.927"/>
</kw>
<kw name="Wait Until Element Is Visible" library="AppiumLibrary">
<arg>id=com.sentrics.engage360:id/tvChannelNumber</arg>
<doc>Waits until element specified with `locator` is visible.</doc>
<status status="PASS" starttime="20220830 18:33:09.927" endtime="20220830 18:33:11.554"/>
</kw>
<kw name="Element Should Contain Text" library="AppiumLibrary">
<arg>id=com.sentrics.engage360:id/tvChannelNumber</arg>
<arg>110</arg>
<doc>Verifies element identified by ``locator`` contains text ``expected``.</doc>
<msg timestamp="20220830 18:33:11.555" level="INFO">Verifying element 'id=com.sentrics.engage360:id/tvChannelNumber' contains text '110'.</msg>
<status status="PASS" starttime="20220830 18:33:11.554" endtime="20220830 18:33:11.664"/>
</kw>
<kw name="Press Keycode" library="AppiumLibrary">
<arg>93</arg>
<doc>Sends a press of keycode to the device.</doc>
<status status="PASS" starttime="20220830 18:33:11.665" endtime="20220830 18:33:11.784"/>
</kw>
<kw name="Wait Until Element Is Visible" library="AppiumLibrary">
<arg>id=com.sentrics.engage360:id/tvChannelNumber</arg>
<doc>Waits until element specified with `locator` is visible.</doc>
<status status="PASS" starttime="20220830 18:33:11.784" endtime="20220830 18:33:13.242"/>
</kw>
<kw name="Element Should Contain Text" library="AppiumLibrary">
<arg>id=com.sentrics.engage360:id/tvChannelNumber</arg>
<arg>109</arg>
<doc>Verifies element identified by ``locator`` contains text ``expected``.</doc>
<msg timestamp="20220830 18:33:13.243" level="INFO">Verifying element 'id=com.sentrics.engage360:id/tvChannelNumber' contains text '109'.</msg>
<status status="PASS" starttime="20220830 18:33:13.242" endtime="20220830 18:33:13.411"/>
</kw>
<kw name="Press Keycode" library="AppiumLibrary">
<arg>9</arg>
<doc>Sends a press of keycode to the device.</doc>
<status status="PASS" starttime="20220830 18:33:13.411" endtime="20220830 18:33:13.473"/>
</kw>
<kw name="Wait Until Element Is Visible" library="AppiumLibrary">
<arg>id=com.sentrics.engage360:id/clSubtitles</arg>
<doc>Waits until element specified with `locator` is visible.</doc>
<status status="PASS" starttime="20220830 18:33:13.473" endtime="20220830 18:33:14.208"/>
</kw>
<kw name="Wait Until Element Is Visible" library="AppiumLibrary">
<arg>id=com.sentrics.engage360:id/llNotifications</arg>
<doc>Waits until element specified with `locator` is visible.</doc>
<status status="PASS" starttime="20220830 18:33:14.208" endtime="20220830 18:33:14.409"/>
</kw>
<kw name="Wait Until Element Is Visible" library="AppiumLibrary">
<arg>id=com.sentrics.engage360:id/tvChannelNumber</arg>
<doc>Waits until element specified with `locator` is visible.</doc>
<status status="PASS" starttime="20220830 18:33:14.410" endtime="20220830 18:33:18.771"/>
</kw>
<kw name="Element Should Contain Text" library="AppiumLibrary">
<arg>id=com.sentrics.engage360:id/tvChannelNumber</arg>
<arg>2</arg>
<doc>Verifies element identified by ``locator`` contains text ``expected``.</doc>
<msg timestamp="20220830 18:33:18.772" level="INFO">Verifying element 'id=com.sentrics.engage360:id/tvChannelNumber' contains text '2'.</msg>
<status status="PASS" starttime="20220830 18:33:18.771" endtime="20220830 18:33:18.870"/>
</kw>
<kw name="Press Keycode" library="AppiumLibrary">
<arg>4</arg>
<doc>Sends a press of keycode to the device.</doc>
<status status="PASS" starttime="20220830 18:33:18.870" endtime="20220830 18:33:18.942"/>
</kw>
<kw name="Press Keycode" library="AppiumLibrary">
<arg>4</arg>
<doc>Sends a press of keycode to the device.</doc>
<status status="PASS" starttime="20220830 18:33:18.942" endtime="20220830 18:33:19.120"/>
</kw>
<kw name="Wait Until Element Is Visible" library="AppiumLibrary">
<arg>id=com.sentrics.engage360:id/tvAppName</arg>
<doc>Waits until element specified with `locator` is visible.</doc>
<status status="PASS" starttime="20220830 18:33:19.120" endtime="20220830 18:33:22.253"/>
</kw>
<kw name="Element Should Contain Text" library="AppiumLibrary">
<arg>id=com.sentrics.engage360:id/tvAppName</arg>
<arg>TV</arg>
<doc>Verifies element identified by ``locator`` contains text ``expected``.</doc>
<msg timestamp="20220830 18:33:22.255" level="INFO">Verifying element 'id=com.sentrics.engage360:id/tvAppName' contains text 'TV'.</msg>
<status status="PASS" starttime="20220830 18:33:22.253" endtime="20220830 18:33:22.370"/>
</kw>
<status status="PASS" starttime="20220830 18:32:50.211" endtime="20220830 18:33:22.370"/>
</kw>
<kw name="Enter TV - Channel Navigation - Manual number entry" library="Keywords">
<kw name="Press Keycode" library="AppiumLibrary">
<arg>23</arg>
<doc>Sends a press of keycode to the device.</doc>
<status status="PASS" starttime="20220830 18:33:22.371" endtime="20220830 18:33:22.600"/>
</kw>
<kw name="Wait Until Element Is Visible" library="AppiumLibrary">
<arg>id=com.sentrics.engage360:id/ivAppIcon</arg>
<doc>Waits until element specified with `locator` is visible.</doc>
<status status="PASS" starttime="20220830 18:33:22.600" endtime="20220830 18:33:23.322"/>
</kw>
<kw name="Page Should Contain Text" library="AppiumLibrary">
<arg>Icon</arg>
<doc>Verifies that current page contains `text`.</doc>
<msg timestamp="20220830 18:33:23.463" level="INFO">Current page contains text 'Icon'.</msg>
<status status="PASS" starttime="20220830 18:33:23.322" endtime="20220830 18:33:23.463"/>
</kw>
<kw name="Wait Until Element Is Visible" library="AppiumLibrary">
<arg>id=com.sentrics.engage360:id/tvAppName</arg>
<doc>Waits until element specified with `locator` is visible.</doc>
<status status="PASS" starttime="20220830 18:33:23.463" endtime="20220830 18:33:23.579"/>
</kw>
<kw name="Page Should Contain Text" library="AppiumLibrary">
<arg>TV</arg>
<doc>Verifies that current page contains `text`.</doc>
<msg timestamp="20220830 18:33:23.660" level="INFO">Current page contains text 'TV'.</msg>
<status status="PASS" starttime="20220830 18:33:23.579" endtime="20220830 18:33:23.660"/>
</kw>
<kw name="Wait Until Element Is Visible" library="AppiumLibrary">
<arg>id=com.sentrics.engage360:id/tvChannelNumber</arg>
<doc>Waits until element specified with `locator` is visible.</doc>
<status status="PASS" starttime="20220830 18:33:23.660" endtime="20220830 18:33:27.879"/>
</kw>
<kw name="Element Should Contain Text" library="AppiumLibrary">
<arg>id=com.sentrics.engage360:id/tvChannelNumber</arg>
<arg>2</arg>
<doc>Verifies element identified by ``locator`` contains text ``expected``.</doc>
<msg timestamp="20220830 18:33:27.881" level="INFO">Verifying element 'id=com.sentrics.engage360:id/tvChannelNumber' contains text '2'.</msg>
<status status="PASS" starttime="20220830 18:33:27.880" endtime="20220830 18:33:28.009"/>
</kw>
<kw name="Press Keycode" library="AppiumLibrary">
<arg>10</arg>
<doc>Sends a press of keycode to the device.</doc>
<status status="PASS" starttime="20220830 18:33:28.009" endtime="20220830 18:33:28.103"/>
</kw>
<kw name="Wait Until Element Is Visible" library="AppiumLibrary">
<arg>id=com.sentrics.engage360:id/tvChannelNumber</arg>
<doc>Waits until element specified with `locator` is visible.</doc>
<status status="PASS" starttime="20220830 18:33:28.103" endtime="20220830 18:33:32.995"/>
</kw>
<kw name="Element Should Contain Text" library="AppiumLibrary">
<arg>id=com.sentrics.engage360:id/tvChannelNumber</arg>
<arg>3</arg>
<doc>Verifies element identified by ``locator`` contains text ``expected``.</doc>
<msg timestamp="20220830 18:33:32.997" level="INFO">Verifying element 'id=com.sentrics.engage360:id/tvChannelNumber' contains text '3'.</msg>
<status status="PASS" starttime="20220830 18:33:32.996" endtime="20220830 18:33:33.151"/>
</kw>
<kw name="Press Keycode" library="AppiumLibrary">
<arg>12</arg>
<doc>Sends a press of keycode to the device.</doc>
<status status="PASS" starttime="20220830 18:33:33.152" endtime="20220830 18:33:33.197"/>
</kw>
<kw name="Wait Until Element Is Visible" library="AppiumLibrary">
<arg>id=com.sentrics.engage360:id/tvChannelNumber</arg>
<doc>Waits until element specified with `locator` is visible.</doc>
<status status="PASS" starttime="20220830 18:33:33.197" endtime="20220830 18:33:37.629"/>
</kw>
<kw name="Element Should Contain Text" library="AppiumLibrary">
<arg>id=com.sentrics.engage360:id/tvChannelNumber</arg>
<arg>5</arg>
<doc>Verifies element identified by ``locator`` contains text ``expected``.</doc>
<msg timestamp="20220830 18:33:37.631" level="INFO">Verifying element 'id=com.sentrics.engage360:id/tvChannelNumber' contains text '5'.</msg>
<status status="PASS" starttime="20220830 18:33:37.629" endtime="20220830 18:33:37.784"/>
</kw>
<kw name="Press Keycode" library="AppiumLibrary">
<arg>9</arg>
<doc>Sends a press of keycode to the device.</doc>
<status status="PASS" starttime="20220830 18:33:37.784" endtime="20220830 18:33:37.834"/>
</kw>
<kw name="Press Keycode" library="AppiumLibrary">
<arg>12</arg>
<doc>Sends a press of keycode to the device.</doc>
<status status="PASS" starttime="20220830 18:33:37.835" endtime="20220830 18:33:37.900"/>
</kw>
<kw name="Wait Until Element Is Visible" library="AppiumLibrary">
<arg>id=com.sentrics.engage360:id/tvChannelNumber</arg>
<doc>Waits until element specified with `locator` is visible.</doc>
<status status="PASS" starttime="20220830 18:33:37.900" endtime="20220830 18:33:39.542"/>
</kw>
<kw name="Element Should Contain Text" library="AppiumLibrary">
<arg>id=com.sentrics.engage360:id/tvChannelNumber</arg>
<arg>25</arg>
<doc>Verifies element identified by ``locator`` contains text ``expected``.</doc>
<msg timestamp="20220830 18:33:39.544" level="INFO">Verifying element 'id=com.sentrics.engage360:id/tvChannelNumber' contains text '25'.</msg>
<status status="PASS" starttime="20220830 18:33:39.542" endtime="20220830 18:33:39.691"/>
</kw>
<kw name="Press Keycode" library="AppiumLibrary">
<arg>8</arg>
<doc>Sends a press of keycode to the device.</doc>
<status status="PASS" starttime="20220830 18:33:39.691" endtime="20220830 18:33:39.741"/>
</kw>
<kw name="Press Keycode" library="AppiumLibrary">
<arg>9</arg>
<doc>Sends a press of keycode to the device.</doc>
<status status="PASS" starttime="20220830 18:33:39.741" endtime="20220830 18:33:39.832"/>
</kw>
<kw name="Wait Until Element Is Visible" library="AppiumLibrary">
<arg>id=com.sentrics.engage360:id/tvChannelNumber</arg>
<doc>Waits until element specified with `locator` is visible.</doc>
<status status="PASS" starttime="20220830 18:33:39.832" endtime="20220830 18:33:41.151"/>
</kw>
<kw name="Element Should Contain Text" library="AppiumLibrary">
<arg>id=com.sentrics.engage360:id/tvChannelNumber</arg>
<arg>12</arg>
<doc>Verifies element identified by ``locator`` contains text ``expected``.</doc>
<msg timestamp="20220830 18:33:41.153" level="INFO">Verifying element 'id=com.sentrics.engage360:id/tvChannelNumber' contains text '12'.</msg>
<status status="PASS" starttime="20220830 18:33:41.152" endtime="20220830 18:33:41.331"/>
</kw>
<kw name="Press Keycode" library="AppiumLibrary">
<arg>12</arg>
<doc>Sends a press of keycode to the device.</doc>
<status status="PASS" starttime="20220830 18:33:41.332" endtime="20220830 18:33:41.399"/>
</kw>
<kw name="Wait Until Element Is Visible" library="AppiumLibrary">
<arg>id=com.sentrics.engage360:id/pauseLayout</arg>
<doc>Waits until element specified with `locator` is visible.</doc>
<status status="PASS" starttime="20220830 18:33:41.399" endtime="20220830 18:33:42.194"/>
</kw>
<kw name="Wait Until Element Is Visible" library="AppiumLibrary">
<arg>id=com.sentrics.engage360:id/clSubtitles</arg>
<doc>Waits until element specified with `locator` is visible.</doc>
<status status="PASS" starttime="20220830 18:33:42.194" endtime="20220830 18:33:42.359"/>
</kw>
<kw name="Wait Until Element Is Visible" library="AppiumLibrary">
<arg>id=com.sentrics.engage360:id/llNotifications</arg>
<doc>Waits until element specified with `locator` is visible.</doc>
<status status="PASS" starttime="20220830 18:33:42.359" endtime="20220830 18:33:42.524"/>
</kw>
<kw name="Wait Until Element Is Visible" library="AppiumLibrary">
<arg>id=com.sentrics.engage360:id/tvChannelNumber</arg>
<doc>Waits until element specified with `locator` is visible.</doc>
<status status="PASS" starttime="20220830 18:33:42.524" endtime="20220830 18:33:46.072"/>
</kw>
<kw name="Element Should Contain Text" library="AppiumLibrary">
<arg>id=com.sentrics.engage360:id/tvChannelNumber</arg>
<arg>5</arg>
<doc>Verifies element identified by ``locator`` contains text ``expected``.</doc>
<msg timestamp="20220830 18:33:46.073" level="INFO">Verifying element 'id=com.sentrics.engage360:id/tvChannelNumber' contains text '5'.</msg>
<status status="PASS" starttime="20220830 18:33:46.072" endtime="20220830 18:33:46.222"/>
</kw>
<kw name="Press Keycode" library="AppiumLibrary">
<arg>7</arg>
<doc>Sends a press of keycode to the device.</doc>
<status status="PASS" starttime="20220830 18:33:46.222" endtime="20220830 18:33:46.271"/>
</kw>
<kw name="Wait Until Element Is Visible" library="AppiumLibrary">
<arg>id=com.sentrics.engage360:id/pauseLayout</arg>
<doc>Waits until element specified with `locator` is visible.</doc>
<status status="PASS" starttime="20220830 18:33:46.272" endtime="20220830 18:33:47.692"/>
</kw>
<kw name="Wait Until Element Is Visible" library="AppiumLibrary">
<arg>id=com.sentrics.engage360:id/clSubtitles</arg>
<doc>Waits until element specified with `locator` is visible.</doc>
<status status="PASS" starttime="20220830 18:33:47.692" endtime="20220830 18:33:47.832"/>
</kw>
<kw name="Wait Until Element Is Visible" library="AppiumLibrary">
<arg>id=com.sentrics.engage360:id/llNotifications</arg>
<doc>Waits until element specified with `locator` is visible.</doc>
<status status="PASS" starttime="20220830 18:33:47.832" endtime="20220830 18:33:47.962"/>
</kw>
<kw name="Wait Until Element Is Visible" library="AppiumLibrary">
<arg>id=com.sentrics.engage360:id/tvChannelNumber</arg>
<doc>Waits until element specified with `locator` is visible.</doc>
<status status="PASS" starttime="20220830 18:33:47.962" endtime="20220830 18:33:48.074"/>
</kw>
<kw name="Element Should Contain Text" library="AppiumLibrary">
<arg>id=com.sentrics.engage360:id/tvChannelNumber</arg>
<arg>5</arg>
<doc>Verifies element identified by ``locator`` contains text ``expected``.</doc>
<msg timestamp="20220830 18:33:48.075" level="INFO">Verifying element 'id=com.sentrics.engage360:id/tvChannelNumber' contains text '5'.</msg>
<status status="PASS" starttime="20220830 18:33:48.074" endtime="20220830 18:33:48.158"/>
</kw>
<kw name="Press Keycode" library="AppiumLibrary">
<arg>9</arg>
<doc>Sends a press of keycode to the device.</doc>
<status status="PASS" starttime="20220830 18:33:48.158" endtime="20220830 18:33:48.191"/>
</kw>
<kw name="Wait Until Element Is Visible" library="AppiumLibrary">
<arg>id=com.sentrics.engage360:id/clSubtitles</arg>
<doc>Waits until element specified with `locator` is visible.</doc>
<status status="PASS" starttime="20220830 18:33:48.191" endtime="20220830 18:33:48.832"/>
</kw>
<kw name="Wait Until Element Is Visible" library="AppiumLibrary">
<arg>id=com.sentrics.engage360:id/llNotifications</arg>
<doc>Waits until element specified with `locator` is visible.</doc>
<status status="PASS" starttime="20220830 18:33:48.833" endtime="20220830 18:33:48.980"/>
</kw>
<kw name="Wait Until Element Is Visible" library="AppiumLibrary">
<arg>id=com.sentrics.engage360:id/tvChannelNumber</arg>
<doc>Waits until element specified with `locator` is visible.</doc>
<status status="PASS" starttime="20220830 18:33:48.981" endtime="20220830 18:33:53.002"/>
</kw>
<kw name="Element Should Contain Text" library="AppiumLibrary">
<arg>id=com.sentrics.engage360:id/tvChannelNumber</arg>
<arg>2</arg>
<doc>Verifies element identified by ``locator`` contains text ``expected``.</doc>
<msg timestamp="20220830 18:33:53.003" level="INFO">Verifying element 'id=com.sentrics.engage360:id/tvChannelNumber' contains text '2'.</msg>
<status status="PASS" starttime="20220830 18:33:53.002" endtime="20220830 18:33:53.152"/>
</kw>
<kw name="Press Keycode" library="AppiumLibrary">
<arg>4</arg>
<doc>Sends a press of keycode to the device.</doc>
<status status="PASS" starttime="20220830 18:33:53.152" endtime="20220830 18:33:53.219"/>
</kw>
<kw name="Press Keycode" library="AppiumLibrary">
<arg>4</arg>
<doc>Sends a press of keycode to the device.</doc>
<status status="PASS" starttime="20220830 18:33:53.220" endtime="20220830 18:33:53.339"/>
</kw>
<status status="PASS" starttime="20220830 18:33:22.370" endtime="20220830 18:33:53.339"/>
</kw>
<tag>Automation</tag>
<status status="PASS" starttime="20220830 18:31:32.317" endtime="20220830 18:33:53.339"/>
</test>
<kw name="Close All Applications" library="AppiumLibrary" type="TEARDOWN">
<doc>Closes all open applications.</doc>
<status status="PASS" starttime="20220830 18:33:53.341" endtime="20220830 18:33:53.462"/>
</kw>
<status status="PASS" starttime="20220830 18:31:16.546" endtime="20220830 18:33:53.462"/>
</suite>
<statistics>
<total>
<stat pass="1" fail="0" skip="0">All Tests</stat>
</total>
<tag>
<stat pass="1" fail="0" skip="0">Automation</stat>
</tag>
<suite>
<stat pass="1" fail="0" skip="0" id="s1" name="TvQmetry">TvQmetry</stat>
</suite>
</statistics>
<errors>
</errors>
</robot>
